2023-04-24 22:43:04,770 INFO:AOM Window Opened
2023-04-24 22:43:59,843 INFO:EOM Window Opened
2023-04-24 22:46:40,734 INFO:ScanThread called
2023-04-24 22:46:40,734 INFO:PlotThread called
2023-04-24 22:46:40,830 INFO:FSM Window Opened
2023-04-24 22:50:33,107 INFO:ScanThread called
2023-04-24 22:50:33,107 INFO:PlotThread called
2023-04-24 22:50:33,213 INFO:FSM Window Opened
2023-04-24 22:52:08,860 INFO:ScanThread called
2023-04-24 22:52:08,860 INFO:PlotThread called
2023-04-24 22:52:08,957 INFO:FSM Window Opened
2023-04-24 22:53:57,038 INFO:ScanThread called
2023-04-24 22:53:57,038 INFO:PlotThread called
2023-04-24 22:53:57,142 INFO:FSM Window Opened
2023-04-24 22:53:59,227 INFO:FSM start button clicked
2023-04-24 22:58:19,635 INFO:ScanThread called
2023-04-24 22:58:19,636 INFO:PlotThread called
2023-04-24 22:58:19,729 INFO:FSM Window Opened
2023-04-24 22:58:21,576 INFO:FSM start button clicked
2023-04-24 23:02:07,441 INFO:ScanThread called
2023-04-24 23:02:07,541 INFO:FSM Window Opened
2023-04-24 23:02:09,475 INFO:FSM start button clicked
2023-04-24 23:03:14,322 INFO:ScanThread called
2023-04-24 23:03:14,423 INFO:FSM Window Opened
2023-04-24 23:04:14,892 INFO:PlotThread called
2023-04-24 23:04:14,991 INFO:FSM Window Opened
2023-04-24 23:05:28,386 INFO:PlotThread called
2023-04-24 23:05:28,487 INFO:FSM Window Opened
2023-04-24 23:06:20,373 INFO:ScanThread called
2023-04-24 23:06:20,473 INFO:FSM Window Opened
2023-04-24 23:08:01,421 INFO:ScanThread called
2023-04-24 23:08:01,521 INFO:FSM Window Opened
2023-04-24 23:08:04,204 INFO:FSM start button clicked
2023-04-24 23:08:54,177 INFO:ScanThread called
2023-04-24 23:08:54,346 INFO:FSM Window Opened
2023-04-24 23:09:13,988 INFO:ScanThread called
2023-04-24 23:09:14,085 INFO:FSM Window Opened
2023-04-24 23:09:22,008 INFO:FSM start button clicked
2023-04-24 23:13:05,625 INFO:ScanThread called
2023-04-24 23:13:32,560 INFO:ScanThread called
2023-04-24 23:13:32,560 INFO:PlotThread called
2023-04-24 23:13:32,580 INFO:FSM Window Opened
2023-04-24 23:13:35,718 INFO:FSM start button clicked
